2017/02/20 16:26:52 INFO  - jmeter.util.JMeterUtils: Setting Locale to en_GB 
2017/02/20 16:26:52 INFO  - jmeter.JMeter: Loading user properties from: C:\Projects\MAVEN_JMETER\target\jmeter\bin\user.properties 
2017/02/20 16:26:52 INFO  - jmeter.JMeter: Loading system properties from: C:\Projects\MAVEN_JMETER\target\jmeter\bin\system.properties 
2017/02/20 16:26:52 INFO  - jmeter.JMeter: Copyright (c) 1998-2016 The Apache Software Foundation 
2017/02/20 16:26:52 INFO  - jmeter.JMeter: Version 3.1 r1770033 
2017/02/20 16:26:52 INFO  - jmeter.JMeter: java.version=1.8.0_121 
2017/02/20 16:26:52 INFO  - jmeter.JMeter: java.vm.name=Java HotSpot(TM) 64-Bit Server VM 
2017/02/20 16:26:52 INFO  - jmeter.JMeter: os.name=Windows 7 
2017/02/20 16:26:52 INFO  - jmeter.JMeter: os.arch=amd64 
2017/02/20 16:26:52 INFO  - jmeter.JMeter: os.version=6.1 
2017/02/20 16:26:52 INFO  - jmeter.JMeter: file.encoding=Cp1252 
2017/02/20 16:26:52 INFO  - jmeter.JMeter: Max memory     =1832910848 
2017/02/20 16:26:52 INFO  - jmeter.JMeter: Available Processors =4 
2017/02/20 16:26:52 INFO  - jmeter.JMeter: Default Locale=English (United Kingdom) 
2017/02/20 16:26:52 INFO  - jmeter.JMeter: JMeter  Locale=English (United Kingdom) 
2017/02/20 16:26:52 INFO  - jmeter.JMeter: JMeterHome=C:\Projects\MAVEN_JMETER\target\jmeter 
2017/02/20 16:26:52 INFO  - jmeter.JMeter: user.dir  =C:\Projects\MAVEN_JMETER 
2017/02/20 16:26:52 INFO  - jmeter.JMeter: PWD       =C:\Projects\MAVEN_JMETER 
2017/02/20 16:26:52 INFO  - jmeter.JMeter: IP: 10.11.171.24 Name: LT09150 FullName: LT09150.nccgroup.local 
2017/02/20 16:26:52 INFO  - jmeter.JMeter: Setting property 'jmeter.reportgenerator.outputdir' to:'C:\Projects\MAVEN_JMETER\target\jmeter\results\dashboard' 
2017/02/20 16:26:52 INFO  - jmeter.report.dashboard.ReportGenerator: ReportGenerator will use for Parsing the separator:',' 
2017/02/20 16:26:52 INFO  - jmeter.report.dashboard.ReportGenerator: Will only generate report from results file:C:\Projects\MAVEN_JMETER\target\jmeter\results\Configuration Service.jtl 
2017/02/20 16:26:52 INFO  - jmeter.report.dashboard.ReportGenerator: Reading report generator properties from:C:\Projects\MAVEN_JMETER\target\jmeter\bin\reportgenerator.properties 
2017/02/20 16:26:52 INFO  - jmeter.report.dashboard.ReportGenerator: Merging with JMeter properties 
2017/02/20 16:26:52 INFO  - jmeter.report.config.ReportGeneratorConfiguration: Property "jmeter.reportgenerator.temp_dir" not found, using default value "temp" instead. 
2017/02/20 16:26:52 INFO  - jmeter.report.config.ReportGeneratorConfiguration: Property "jmeter.reportgenerator.sample_filter" not found, using default value "null" instead. 
2017/02/20 16:26:52 INFO  - jmeter.report.config.ReportGeneratorConfiguration: Property "jmeter.reportgenerator.report_title" not found, using default value "null" instead. 
2017/02/20 16:26:52 INFO  - jmeter.report.config.ReportGeneratorConfiguration: Property "jmeter.reportgenerator.start_date" not found, using default value "null" instead. 
2017/02/20 16:26:52 INFO  - jmeter.report.config.ReportGeneratorConfiguration: Property "jmeter.reportgenerator.end_date" not found, using default value "null" instead. 
2017/02/20 16:26:52 INFO  - jmeter.report.config.ReportGeneratorConfiguration: Property "jmeter.reportgenerator.date_format" not found, using default value "null" instead. 
2017/02/20 16:26:52 INFO  - jmeter.report.config.ReportGeneratorConfiguration: Will use date range start date: null, end date: null 
2017/02/20 16:26:52 INFO  - jmeter.report.config.ReportGeneratorConfiguration: Property "jmeter.reportgenerator.graph.activeThreadsOverTime.exclude_controllers" not found, using default value "false" instead. 
2017/02/20 16:26:52 INFO  - jmeter.report.config.ReportGeneratorConfiguration: Property "jmeter.reportgenerator.graph.timeVsThreads.exclude_controllers" not found, using default value "false" instead. 
2017/02/20 16:26:52 INFO  - jmeter.report.config.ReportGeneratorConfiguration: Property "jmeter.reportgenerator.graph.responseTimeDistribution.exclude_controllers" not found, using default value "false" instead. 
2017/02/20 16:26:52 INFO  - jmeter.report.config.ReportGeneratorConfiguration: Property "jmeter.reportgenerator.graph.transactionsPerSecond.exclude_controllers" not found, using default value "false" instead. 
2017/02/20 16:26:52 INFO  - jmeter.report.config.ReportGeneratorConfiguration: Property "jmeter.reportgenerator.graph.responseTimePercentiles.exclude_controllers" not found, using default value "false" instead. 
2017/02/20 16:26:52 INFO  - jmeter.report.config.ReportGeneratorConfiguration: Property "jmeter.reportgenerator.graph.responseTimePercentilesOverTime.exclude_controllers" not found, using default value "false" instead. 
2017/02/20 16:26:52 INFO  - jmeter.report.config.ReportGeneratorConfiguration: Property "jmeter.reportgenerator.graph.responseTimesOverTime.exclude_controllers" not found, using default value "false" instead. 
2017/02/20 16:26:52 INFO  - jmeter.report.config.ReportGeneratorConfiguration: Property "jmeter.reportgenerator.graph.connectTimeOverTime.exclude_controllers" not found, using default value "false" instead. 
2017/02/20 16:26:52 INFO  - jmeter.report.config.ReportGeneratorConfiguration: Property "jmeter.reportgenerator.graph.latenciesOverTime.exclude_controllers" not found, using default value "false" instead. 
2017/02/20 16:26:52 INFO  - jmeter.report.config.ReportGeneratorConfiguration: Property "jmeter.reportgenerator.exporter.html.filters_only_sample_series" not found, using default value "true" instead. 
2017/02/20 16:26:52 INFO  - jmeter.report.config.ReportGeneratorConfiguration: Property "jmeter.reportgenerator.exporter.html.series_filter" not found, using default value "" instead. 
2017/02/20 16:26:52 INFO  - jmeter.report.config.ReportGeneratorConfiguration: Property "jmeter.reportgenerator.exporter.html.show_controllers_only" not found, using default value "false" instead. 
2017/02/20 16:26:52 INFO  - jmeter.save.SaveService: Testplan (JMX) version: 2.2. Testlog (JTL) version: 2.2 
2017/02/20 16:26:52 INFO  - jmeter.save.SaveService: Using SaveService properties file encoding UTF-8 
2017/02/20 16:26:52 INFO  - jmeter.save.SaveService: Using SaveService properties version 3.1 
2017/02/20 16:26:52 INFO  - jmeter.save.SaveService: All converter versions present and correct 
2017/02/20 16:26:52 INFO  - jmeter.report.processor.NormalizerSampleConsumer: Using format:ms to parse timeStamp field 
2017/02/20 16:26:53 INFO  - org.apache.jmeter.report.processor.AbstractSampleConsumer: class org.apache.jmeter.report.processor.AggregateConsumer#stopProducing(): beginDate produced 0 samples 
2017/02/20 16:26:53 INFO  - org.apache.jmeter.report.processor.AbstractSampleConsumer: class org.apache.jmeter.report.processor.AggregateConsumer#stopProducing(): endDate produced 0 samples 
2017/02/20 16:26:53 INFO  - org.apache.jmeter.report.processor.AbstractSampleConsumer: class org.apache.jmeter.report.processor.ApdexSummaryConsumer#stopProducing(): apdexSummary produced 0 samples 
2017/02/20 16:26:53 INFO  - org.apache.jmeter.report.processor.AbstractSampleConsumer: class org.apache.jmeter.report.processor.RequestsSummaryConsumer#stopProducing(): requestsSummary produced 0 samples 
2017/02/20 16:26:53 INFO  - org.apache.jmeter.report.processor.AbstractSampleConsumer: class org.apache.jmeter.report.processor.StatisticsSummaryConsumer#stopProducing(): statisticsSummary produced 0 samples 
2017/02/20 16:26:53 INFO  - org.apache.jmeter.report.processor.AbstractSampleConsumer: class org.apache.jmeter.report.processor.Top5ErrorsBySamplerConsumer#stopProducing(): top5ErrorsBySampler produced 0 samples 
2017/02/20 16:26:53 INFO  - org.apache.jmeter.report.processor.AbstractSampleConsumer: class org.apache.jmeter.report.processor.ErrorsSummaryConsumer#stopProducing(): errorsSummary produced 0 samples 
2017/02/20 16:26:53 INFO  - org.apache.jmeter.report.processor.AbstractSampleConsumer: class org.apache.jmeter.report.processor.graph.impl.HitsPerSecondGraphConsumer#stopProducing(): hitsPerSecond produced 0 samples 
2017/02/20 16:26:53 INFO  - org.apache.jmeter.report.processor.AbstractSampleConsumer: class org.apache.jmeter.report.processor.graph.impl.LatencyVSRequestGraphConsumer#stopProducing(): latencyVsRequest produced 0 samples 
2017/02/20 16:26:53 INFO  - org.apache.jmeter.report.processor.AbstractSampleConsumer: class org.apache.jmeter.report.processor.graph.impl.SyntheticResponseTimeDistributionGraphConsumer#stopProducing(): syntheticResponseTimeDistribution produced 0 samples 
2017/02/20 16:26:53 INFO  - org.apache.jmeter.report.processor.AbstractSampleConsumer: class org.apache.jmeter.report.processor.graph.impl.BytesThroughputGraphConsumer#stopProducing(): bytesThroughputOverTime produced 0 samples 
2017/02/20 16:26:53 INFO  - org.apache.jmeter.report.processor.AbstractSampleConsumer: class org.apache.jmeter.report.processor.graph.impl.CodesPerSecondGraphConsumer#stopProducing(): codesPerSecond produced 0 samples 
2017/02/20 16:26:53 INFO  - org.apache.jmeter.report.processor.AbstractSampleConsumer: class org.apache.jmeter.report.processor.graph.impl.ResponseTimeVSRequestGraphConsumer#stopProducing(): responseTimeVsRequest produced 0 samples 
2017/02/20 16:26:53 INFO  - org.apache.jmeter.report.processor.AbstractSampleConsumer: class org.apache.jmeter.report.processor.FilterConsumer#stopProducing(): startIntervalControlerFilter produced 259 samples 
2017/02/20 16:26:53 INFO  - org.apache.jmeter.report.processor.AbstractSampleConsumer: class org.apache.jmeter.report.processor.graph.impl.ActiveThreadsGraphConsumer#stopProducing(): activeThreadsOverTime produced 0 samples 
2017/02/20 16:26:53 INFO  - org.apache.jmeter.report.processor.AbstractSampleConsumer: class org.apache.jmeter.report.processor.graph.impl.TimeVSThreadGraphConsumer#stopProducing(): timeVsThreads produced 0 samples 
2017/02/20 16:26:53 INFO  - org.apache.jmeter.report.processor.AbstractSampleConsumer: class org.apache.jmeter.report.processor.graph.impl.ResponseTimeDistributionGraphConsumer#stopProducing(): responseTimeDistribution produced 0 samples 
2017/02/20 16:26:53 INFO  - org.apache.jmeter.report.processor.AbstractSampleConsumer: class org.apache.jmeter.report.processor.graph.impl.TransactionsPerSecondGraphConsumer#stopProducing(): transactionsPerSecond produced 0 samples 
2017/02/20 16:26:53 INFO  - org.apache.jmeter.report.processor.AbstractSampleConsumer: class org.apache.jmeter.report.processor.graph.impl.ResponseTimePercentilesGraphConsumer#stopProducing(): responseTimePercentiles produced 0 samples 
2017/02/20 16:26:53 INFO  - org.apache.jmeter.report.processor.AbstractSampleConsumer: class org.apache.jmeter.report.processor.graph.impl.ResponseTimePercentilesOverTimeGraphConsumer#stopProducing(): responseTimePercentilesOverTime produced 0 samples 
2017/02/20 16:26:53 INFO  - org.apache.jmeter.report.processor.AbstractSampleConsumer: class org.apache.jmeter.report.processor.graph.impl.ResponseTimeOverTimeGraphConsumer#stopProducing(): responseTimesOverTime produced 0 samples 
2017/02/20 16:26:53 INFO  - org.apache.jmeter.report.processor.AbstractSampleConsumer: class org.apache.jmeter.report.processor.graph.impl.ConnectTimeOverTimeGraphConsumer#stopProducing(): connectTimeOverTime produced 0 samples 
2017/02/20 16:26:53 INFO  - org.apache.jmeter.report.processor.AbstractSampleConsumer: class org.apache.jmeter.report.processor.graph.impl.LatencyOverTimeGraphConsumer#stopProducing(): latenciesOverTime produced 0 samples 
2017/02/20 16:26:53 INFO  - org.apache.jmeter.report.processor.AbstractSampleConsumer: class org.apache.jmeter.report.processor.FilterConsumer#stopProducing(): nameFilter produced 518 samples 
2017/02/20 16:26:53 INFO  - org.apache.jmeter.report.processor.AbstractSampleConsumer: class org.apache.jmeter.report.processor.FilterConsumer#stopProducing(): dateRangeFilter produced 111 samples 
2017/02/20 16:26:53 INFO  - org.apache.jmeter.report.processor.AbstractSampleConsumer: class org.apache.jmeter.report.processor.NormalizerSampleConsumer#stopProducing(): normalizer produced 37 samples 
2017/02/20 16:26:53 INFO  - org.apache.jmeter.report.processor.CsvFileSampleSource: produce(): 37 samples produced in 329ms on channel 0 
2017/02/20 16:26:53 INFO  - jmeter.report.dashboard.ReportGenerator: Exporting data using exporter:'html' of className:'org.apache.jmeter.report.dashboard.HtmlTemplateExporter' 
2017/02/20 16:26:53 INFO  - jmeter.report.dashboard.HtmlTemplateExporter: Will generate dashboard in folder:C:\Projects\MAVEN_JMETER\target\jmeter\results\dashboard 
2017/02/20 16:26:53 INFO  - jmeter.report.dashboard.HtmlTemplateExporter: Report will be generated in:C:\Projects\MAVEN_JMETER\target\jmeter\results\dashboard, creating folder structure 
